<?xml version="1.0" encoding="UTF-8"?>
<testng-results skipped="0" failed="0" ignored="0" total="2" passed="2">
  <reporter-output>
  </reporter-output>
  <suite name="Default suite" duration-ms="25434" started-at="2019-08-05T11:30:10Z" finished-at="2019-08-05T11:30:35Z">
    <groups>
    </groups>
    <test name="Default test" duration-ms="25434" started-at="2019-08-05T11:30:10Z" finished-at="2019-08-05T11:30:35Z">
      <class name="Utils.excelDataprovider">
        <test-method status="PASS" signature="test1(java.lang.String, java.lang.String)[pri:0, instance:Utils.excelDataprovider@464bee09]" name="test1" duration-ms="11707" started-at="2019-08-05T11:30:11Z" data-provider="test1Data" finished-at="2019-08-05T11:30:23Z">
          <params>
            <param index="0">
              <value>
                <![CDATA[Admin]]>
              </value>
            </param>
            <param index="1">
              <value>
                <![CDATA[admin123]]>
              </value>
            </param>
          </params>
          <reporter-output>
          </reporter-output>
        </test-method> <!-- test1 -->
        <test-method status="PASS" signature="test1(java.lang.String, java.lang.String)[pri:0, instance:Utils.excelDataprovider@464bee09]" name="test1" duration-ms="12699" started-at="2019-08-05T11:30:23Z" data-provider="test1Data" finished-at="2019-08-05T11:30:35Z">
          <params>
            <param index="0">
              <value>
                <![CDATA[Admin]]>
              </value>
            </param>
            <param index="1">
              <value>
                <![CDATA[admin124]]>
              </value>
            </param>
          </params>
          <reporter-output>
          </reporter-output>
        </test-method> <!-- test1 -->
      </class> <!-- Utils.excelDataprovider -->
    </test> <!-- Default test -->
  </suite> <!-- Default suite -->
</testng-results>
