<?xml version="1.0" encoding="UTF-8"?>
<!-- Generated by org.testng.reporters.JUnitXMLReporter -->
<testsuite hostname="IXED-LAP00316" ignored="0" name="Test1" tests="1" failures="0" timestamp="26 Jul 2019 09:47:35 GMT" time="22.91" errors="0">
  <testcase name="@AfterTest tearDown" time="0.001" classname="Demo.TestNGmultiBrowserDemo">
    <failure type="java.lang.NullPointerException">
      <![CDATA[java.lang.NullPointerException
at Demo.TestNGmultiBrowserDemo.tearDown(TestNGmultiBrowserDemo.java:40)
at java.util.concurrent.FutureTask.run(FutureTask.java:266)
at java.util.concurrent.ThreadPoolExecutor.runWorker(ThreadPoolExecutor.java:1149)
at java.util.concurrent.ThreadPoolExecutor$Worker.run(ThreadPoolExecutor.java:624)
at java.lang.Thread.run(Thread.java:748)
... Removed 15 stack frames]]>
    </failure>
  </testcase> <!-- @AfterTest tearDown -->
  <testcase name="test1" time="8.752" classname="Demo.TestNGmultiBrowserDemo"/>
</testsuite> <!-- Test1 -->
